This is pdfTeX, Version 3.1415926-1.40.9 (MiKTeX 2.7) (preloaded format=pdflatex 2010.7.30)  17 AUG 2010 14:41
entering extended mode
**D:/Documents/Ufpr/disciplinas/sistemas-de-processamento-paralelo/spp.tex
(D:/Documents/Ufpr/disciplinas/sistemas-de-processamento-paralelo/spp.tex
LaTeX2e <2005/12/01>
Babel <v3.8l> and hyphenation patterns for english, dumylang, nohyphenation, ge
rman, ngerman, german-x-2008-06-18, ngerman-x-2008-06-18, french, loaded.
("C:\Program Files\MiKTeX 2.7\tex\latex\base\article.cls"
Document Class: article 2005/09/16 v1.4f Standard LaTeX document class
("C:\Program Files\MiKTeX 2.7\tex\latex\base\size11.clo"
File: size11.clo 2005/09/16 v1.4f Standard LaTeX file (size option)
)
\c@part=\count79
\c@section=\count80
\c@subsection=\count81
\c@subsubsection=\count82
\c@paragraph=\count83
\c@subparagraph=\count84
\c@figure=\count85
\c@table=\count86
\abovecaptionskip=\skip41
\belowcaptionskip=\skip42
\bibindent=\dimen102
)
("C:\Program Files\MiKTeX 2.7\tex\generic\babel\babel.sty"
Package: babel 2008/07/06 v3.8l The Babel package

*************************************
* Local config file bblopts.cfg used
*
("C:\Program Files\MiKTeX 2.7\tex\latex\00miktex\bblopts.cfg"
File: bblopts.cfg 2006/07/31 v1.0 MiKTeX 'babel' configuration
)
("C:\Program Files\MiKTeX 2.7\tex\generic\babel\portuges.ldf"
Language: portuges 2008/03/18 v1.2q Portuguese support from the babel system

("C:\Program Files\MiKTeX 2.7\tex\generic\babel\babel.def"
File: babel.def 2008/07/06 v3.8l Babel common definitions
\babel@savecnt=\count87
\U@D=\dimen103
)

Package babel Warning: No hyphenation patterns were loaded for
(babel)                the language `Portuguese'
(babel)                I will use the patterns loaded for \language=0 instead.

\l@portuges = a dialect from \language0
\l@brazil = a dialect from \language\l@portuges 
Package babel Info: Making " an active character on input line 145.
)) ("C:\Program Files\MiKTeX 2.7\tex\latex\base\inputenc.sty"
Package: inputenc 2006/05/05 v1.1b Input encoding file
\inpenc@prehook=\toks14
\inpenc@posthook=\toks15

("C:\Program Files\MiKTeX 2.7\tex\latex\base\latin1.def"
File: latin1.def 2006/05/05 v1.1b Input encoding file
))
("C:\Program Files\MiKTeX 2.7\tex\latex\graphics\graphicx.sty"
Package: graphicx 1999/02/16 v1.0f Enhanced LaTeX Graphics (DPC,SPQR)

("C:\Program Files\MiKTeX 2.7\tex\latex\graphics\keyval.sty"
Package: keyval 1999/03/16 v1.13 key=value parser (DPC)
\KV@toks@=\toks16
)
("C:\Program Files\MiKTeX 2.7\tex\latex\graphics\graphics.sty"
Package: graphics 2006/02/20 v1.0o Standard LaTeX Graphics (DPC,SPQR)

("C:\Program Files\MiKTeX 2.7\tex\latex\graphics\trig.sty"
Package: trig 1999/03/16 v1.09 sin cos tan (DPC)
)
("C:\Program Files\MiKTeX 2.7\tex\latex\00miktex\graphics.cfg"
File: graphics.cfg 2007/01/18 v1.5 graphics configuration of teTeX/TeXLive
)
Package graphics Info: Driver file: pdftex.def on input line 90.

("C:\Program Files\MiKTeX 2.7\tex\latex\pdftex-def\pdftex.def"
File: pdftex.def 2008/09/08 v0.04l Graphics/color for pdfTeX
\Gread@gobject=\count88
))
\Gin@req@height=\dimen104
\Gin@req@width=\dimen105
)
("C:\Program Files\MiKTeX 2.7\tex\latex\wrapfig\wrapfig.sty"
\wrapoverhang=\dimen106
\WF@size=\dimen107
\c@WF@wrappedlines=\count89
\WF@box=\box26
\WF@everypar=\toks17
Package: wrapfig 2003/01/31  v 3.6
)
("C:\Program Files\MiKTeX 2.7\tex\latex\fancyhdr\fancyhdr.sty"
\fancy@headwidth=\skip43
\f@ncyO@elh=\skip44
\f@ncyO@erh=\skip45
\f@ncyO@olh=\skip46
\f@ncyO@orh=\skip47
\f@ncyO@elf=\skip48
\f@ncyO@erf=\skip49
\f@ncyO@olf=\skip50
\f@ncyO@orf=\skip51
)
("C:\Program Files\MiKTeX 2.7\tex\latex\graphics\color.sty"
Package: color 2005/11/14 v1.0j Standard LaTeX Color (DPC)

("C:\Program Files\MiKTeX 2.7\tex\latex\00miktex\color.cfg"
File: color.cfg 2007/01/18 v1.5 color configuration of teTeX/TeXLive
)
Package color Info: Driver file: pdftex.def on input line 130.
)
("C:\Program Files\MiKTeX 2.7\tex\latex\base\ifthen.sty"
Package: ifthen 2001/05/26 v1.1c Standard LaTeX ifthen package (DPC)
)
("C:\Program Files\MiKTeX 2.7\tex\latex\amsmath\amsmath.sty"
Package: amsmath 2000/07/18 v2.13 AMS math features
\@mathmargin=\skip52

For additional information on amsmath, use the `?' option.
("C:\Program Files\MiKTeX 2.7\tex\latex\amsmath\amstext.sty"
Package: amstext 2000/06/29 v2.01

("C:\Program Files\MiKTeX 2.7\tex\latex\amsmath\amsgen.sty"
File: amsgen.sty 1999/11/30 v2.0
\@emptytoks=\toks18
\ex@=\dimen108
))
("C:\Program Files\MiKTeX 2.7\tex\latex\amsmath\amsbsy.sty"
Package: amsbsy 1999/11/29 v1.2d
\pmbraise@=\dimen109
)
("C:\Program Files\MiKTeX 2.7\tex\latex\amsmath\amsopn.sty"
Package: amsopn 1999/12/14 v2.01 operator names
)
\inf@bad=\count90
LaTeX Info: Redefining \frac on input line 211.
\uproot@=\count91
\leftroot@=\count92
LaTeX Info: Redefining \overline on input line 307.
\classnum@=\count93
\DOTSCASE@=\count94
LaTeX Info: Redefining \ldots on input line 379.
LaTeX Info: Redefining \dots on input line 382.
LaTeX Info: Redefining \cdots on input line 467.
\Mathstrutbox@=\box27
\strutbox@=\box28
\big@size=\dimen110
LaTeX Font Info:    Redeclaring font encoding OML on input line 567.
LaTeX Font Info:    Redeclaring font encoding OMS on input line 568.
\macc@depth=\count95
\c@MaxMatrixCols=\count96
\dotsspace@=\muskip10
\c@parentequation=\count97
\dspbrk@lvl=\count98
\tag@help=\toks19
\row@=\count99
\column@=\count100
\maxfields@=\count101
\andhelp@=\toks20
\eqnshift@=\dimen111
\alignsep@=\dimen112
\tagshift@=\dimen113
\tagwidth@=\dimen114
\totwidth@=\dimen115
\lineht@=\dimen116
\@envbody=\toks21
\multlinegap=\skip53
\multlinetaggap=\skip54
\mathdisplay@stack=\toks22
LaTeX Info: Redefining \[ on input line 2666.
LaTeX Info: Redefining \] on input line 2667.
)
("C:\Program Files\MiKTeX 2.7\tex\latex\amsfonts\amsfonts.sty"
Package: amsfonts 2001/10/25 v2.2f
\symAMSa=\mathgroup4
\symAMSb=\mathgroup5
LaTeX Font Info:    Overwriting math alphabet `\mathfrak' in version `bold'
(Font)                  U/euf/m/n --> U/euf/b/n on input line 132.
)
("C:\Program Files\MiKTeX 2.7\tex\latex\amsfonts\amssymb.sty"
Package: amssymb 2002/01/22 v2.2d
)
("C:\Program Files\MiKTeX 2.7\tex\latex\tools\indentfirst.sty"
Package: indentfirst 1995/11/23 v1.03 Indent first paragraph (DPC)
)
("C:\Program Files\MiKTeX 2.7\tex\latex\listings\listings.sty"
\lst@mode=\count102
\lst@gtempboxa=\box29
\lst@token=\toks23
\lst@length=\count103
\lst@currlwidth=\dimen117
\lst@column=\count104
\lst@pos=\count105
\lst@lostspace=\dimen118
\lst@width=\dimen119
\lst@newlines=\count106
\lst@lineno=\count107
\lst@maxwidth=\dimen120

("C:\Program Files\MiKTeX 2.7\tex\latex\listings\lstmisc.sty"
File: lstmisc.sty 2007/02/22 1.4 (Carsten Heinz)
\c@lstnumber=\count108
\lst@skipnumbers=\count109
\lst@framebox=\box30
)
("C:\Program Files\MiKTeX 2.7\tex\latex\listings\listings.cfg"
File: listings.cfg 2007/02/22 1.4 listings configuration
))
Package: listings 2007/02/22 1.4 (Carsten Heinz)

("C:\Program Files\MiKTeX 2.7\tex\latex\geometry\geometry.sty"
Package: geometry 2008/11/13 v4.1 Page Geometry

("C:\Program Files\MiKTeX 2.7\tex\generic\oberdiek\ifpdf.sty"
Package: ifpdf 2007/12/12 v1.6 Provides the ifpdf switch (HO)
Package ifpdf Info: pdfTeX in pdf mode detected.
)
("C:\Program Files\MiKTeX 2.7\tex\generic\oberdiek\ifvtex.sty"
Package: ifvtex 2008/11/04 v1.4 Switches for detecting VTeX and its modes (HO)
Package ifvtex Info: VTeX not detected.
)
\Gm@cnth=\count110
\Gm@cntv=\count111
\c@Gm@tempcnt=\count112
\Gm@bindingoffset=\dimen121
\Gm@wd@mp=\dimen122
\Gm@odd@mp=\dimen123
\Gm@even@mp=\dimen124
\Gm@dimlist=\toks24

("C:\Program Files\MiKTeX 2.7\tex\latex\geometry\geometry.cfg"))
("C:\Program Files\MiKTeX 2.7\tex\latex\ltxmisc\url.sty"
\Urlmuskip=\muskip11
Package: url 2006/04/12  ver 3.3  Verb mode for urls, etc.
)
("C:\Program Files\MiKTeX 2.7\tex\latex\qtree\qtree.sty"
Package: 2006/07/10 v.3.1Qtree: tree-drawing for linguistics
Package: qtree 2006/07/10 v.3.1Qtree: tree-drawing for linguistics
("C:\Program Files\MiKTeX 2.7\tex\latex\pict2e\pict2e.sty"
Package: pict2e 2006/03/05 v0.2s Improved picture commands (HjG,RN)

("C:\Program Files\MiKTeX 2.7\tex\latex\00miktex\pict2e.cfg"
File: pict2e.cfg 2005/12/29 v1.0 MiKTeX 'pict2e' configuration
)
Package pict2e Info: Driver file: pdftex.def on input line 99.
Package pict2e Info: Driver file for pict2e: p2e-pdftex.def on input line 101.

("C:\Program Files\MiKTeX 2.7\tex\latex\pict2e\p2e-pdftex.def"
File: p2e-pdftex.def 2004/06/25 v0.1r Driver-dependant file (RN,HjG)
)
\pIIe@GRAPH=\toks25
)
\c@treecount=\count113
\c@branchcount=\count114
\parentbox=\box31
\treebox=\box32
\treeboxone=\box33
\treeboxtwo=\box34
\treeboxthree=\box35
\treeboxfour=\box36
\treeboxfive=\box37
\treeboxsix=\box38
\treeboxseven=\box39
\treeboxeight=\box40
\treeboxnine=\box41
\treeboxten=\box42
\treeboxeleven=\box43
\treeboxtwelve=\box44
\treeboxthirteen=\box45
\treeboxfourteen=\box46
\treeboxfifteen=\box47
\treeboxsixteen=\box48
\treeboxseventeen=\box49
\treeboxeighteen=\box50
\treeboxnineteen=\box51
\treeboxtwenty=\box52
\treeoffsetone=\skip55
\treeoffsettwo=\skip56
\treeoffsetthree=\skip57
\treeoffsetfour=\skip58
\treeoffsetfive=\skip59
\treeoffsetsix=\skip60
\treeoffsetseven=\skip61
\treeoffseteight=\skip62
\treeoffsetnine=\skip63
\treeoffsetten=\skip64
\treeoffseteleven=\skip65
\treeoffsettwelve=\skip66
\treeoffsetthirteen=\skip67
\treeoffsetfourteen=\skip68
\treeoffsetfifteen=\skip69
\treeoffsetsixteen=\skip70
\treeoffsetseventeen=\skip71
\treeoffseteighteen=\skip72
\treeoffsetnineteen=\skip73
\treeoffsettwenty=\skip74
\treeshiftone=\skip75
\treeshifttwo=\skip76
\treeshiftthree=\skip77
\treeshiftfour=\skip78
\treeshiftfive=\skip79
\treeshiftsix=\skip80
\treeshiftseven=\skip81
\treeshifteight=\skip82
\treeshiftnine=\skip83
\treeshiftten=\skip84
\treeshifteleven=\skip85
\treeshifttwelve=\skip86
\treeshiftthirteen=\skip87
\treeshiftfourteen=\skip88
\treeshiftfifteen=\skip89
\treeshiftsixteen=\skip90
\treeshiftseventeen=\skip91
\treeshifteighteen=\skip92
\treeshiftnineteen=\skip93
\treeshifttwenty=\skip94
\treewidthone=\skip95
\treewidthtwo=\skip96
\treewidththree=\skip97
\treewidthfour=\skip98
\treewidthfive=\skip99
\treewidthsix=\skip100
\treewidthseven=\skip101
\treewidtheight=\skip102
\treewidthnine=\skip103
\treewidthten=\skip104
\treewidtheleven=\skip105
\treewidthtwelve=\skip106
\treewidththirteen=\skip107
\treewidthfourteen=\skip108
\treewidthfifteen=\skip109
\treewidthsixteen=\skip110
\treewidthseventeen=\skip111
\treewidtheighteen=\skip112
\treewidthnineteen=\skip113
\treewidthtwenty=\skip114
\daughteroffsetone=\skip115
\daughteroffsettwo=\skip116
\daughteroffsetthree=\skip117
\daughteroffsetfour=\skip118
\branchwidthone=\skip119
\branchwidthtwo=\skip120
\branchwidththree=\skip121
\branchwidthfour=\skip122
\parentoffset=\skip123
\treeoffset=\skip124
\daughteroffset=\skip125
\branchwidth=\skip126
\parentwidth=\skip127
\treewidth=\skip128
\qta=\toks26
\qtb=\toks27
\nbranches=\count115
\qroofx=\count116
\qroofy=\count117
\@qrscratchbox=\box53
) (spp.aux

LaTeX Warning: Label `cod:crivo-sequencial' multiply defined.


LaTeX Warning: Label `fig:07' multiply defined.


LaTeX Warning: Label `cod:salto' multiply defined.


LaTeX Warning: Label `cod:salto' multiply defined.


LaTeX Warning: Label `cod:salto' multiply defined.


LaTeX Warning: Label `cod:salto' multiply defined.

)
LaTeX Font Info:    Checking defaults for OML/cmm/m/it on input line 133.
LaTeX Font Info:    ... okay on input line 133.
LaTeX Font Info:    Checking defaults for T1/cmr/m/n on input line 133.
LaTeX Font Info:    ... okay on input line 133.
LaTeX Font Info:    Checking defaults for OT1/cmr/m/n on input line 133.
LaTeX Font Info:    ... okay on input line 133.
LaTeX Font Info:    Checking defaults for OMS/cmsy/m/n on input line 133.
LaTeX Font Info:    ... okay on input line 133.
LaTeX Font Info:    Checking defaults for OMX/cmex/m/n on input line 133.
LaTeX Font Info:    ... okay on input line 133.
LaTeX Font Info:    Checking defaults for U/cmr/m/n on input line 133.
LaTeX Font Info:    ... okay on input line 133.
 ("C:\Program Files\MiKTeX 2.7\tex\context\base\supp-pdf.tex"
[Loading MPS to PDF converter (version 2006.09.02).]
\scratchcounter=\count118
\scratchdimen=\dimen125
\scratchbox=\box54
\nofMPsegments=\count119
\nofMParguments=\count120
\everyMPshowfont=\toks28
\MPscratchCnt=\count121
\MPscratchDim=\dimen126
\MPnumerator=\count122
\everyMPtoPDFconversion=\toks29
)
\c@lstlisting=\count123

*geometry auto-detecting driver*
*geometry detected driver: pdftex*
-------------------- Geometry parameters
paper: a4paper
landscape: --
twocolumn: --
twoside: --
asymmetric: --
h-parts: 71.13188pt, 455.24411pt, 71.13188pt
v-parts: 71.13188pt, 674.33032pt, 99.58464pt
hmarginratio: --
vmarginratio: --
lines: --
heightrounded: --
bindingoffset: 0.0pt
truedimen: --
includehead: --
includefoot: --
includemp: --
driver: pdftex
-------------------- Page layout dimensions and switches
\paperwidth  597.50787pt
\paperheight 845.04684pt
\textwidth  455.24411pt
\textheight 674.33032pt
\oddsidemargin  -1.1381pt
\evensidemargin -1.1381pt
\topmargin  -38.1381pt
\headheight 12.0pt
\headsep    25.0pt
\footskip   28.45274pt
\marginparwidth 50.0pt
\marginparsep   10.0pt
\columnsep  10.0pt
\skip\footins  10.0pt plus 4.0pt minus 2.0pt
\hoffset 0.0pt
\voffset 0.0pt
\mag 1000

(1in=72.27pt, 1cm=28.45pt)
-----------------------
[1

{C:/ProgramData/MiKTeX/2.7/pdftex/config/pdftex.map}]
LaTeX Font Info:    Try loading font information for OMS+cmr on input line 211.


("C:\Program Files\MiKTeX 2.7\tex\latex\base\omscmr.fd"
File: omscmr.fd 1999/05/25 v2.5h Standard LaTeX font definitions
)
LaTeX Font Info:    Font shape `OMS/cmr/m/n' in size <10.95> not available
(Font)              Font shape `OMS/cmsy/m/n' tried instead on input line 211.
LaTeX Font Info:    Try loading font information for U+msa on input line 214.

("C:\Program Files\MiKTeX 2.7\tex\latex\amsfonts\umsa.fd"
File: umsa.fd 2002/01/19 v2.2g AMS font definitions
)
LaTeX Font Info:    Try loading font information for U+msb on input line 214.

("C:\Program Files\MiKTeX 2.7\tex\latex\amsfonts\umsb.fd"
File: umsb.fd 2002/01/19 v2.2g AMS font definitions
)

Package Fancyhdr Warning: \headheight is too small (12.0pt): 
 Make it at least 58.15512pt.
 We now make it that large for the rest of the document.
 This may cause the page layout to be inconsistent, however.

[2] <images/neumann.jpg, id=16, 422.57875pt x 402.50375pt>
File: images/neumann.jpg Graphic file (type jpg)

<use images/neumann.jpg> [3 <images/neumann.jpg>] [4] [5] [6] [7] [8] [9]
<images/sisd.jpg, id=40, 251.94125pt x 69.25874pt>
File: images/sisd.jpg Graphic file (type jpg)
 <use images/sisd.jpg>
<images/simd.jpg, id=41, 359.3425pt x 291.0875pt>
File: images/simd.jpg Graphic file (type jpg)
 <use images/simd.jpg>
("C:\Program Files\MiKTeX 2.7\tex\latex\listings\lstlang1.sty"
File: lstlang1.sty 2004/09/05 1.3 listings language file
)
("C:\Program Files\MiKTeX 2.7\tex\latex\listings\lstmisc.sty"
File: lstmisc.sty 2007/02/22 1.4 (Carsten Heinz)
) (cods/simd.txt
LaTeX Font Info:    Font shape `OT1/cmtt/bx/n' in size <9> not available
(Font)              Font shape `OT1/cmtt/m/n' tried instead on input line 1.

[10 <images/sisd.jpg>]) <images/misd.jpg, id=47, 352.31625pt x 290.08376pt>
File: images/misd.jpg Graphic file (type jpg)

<use images/misd.jpg> [11 <images/simd.jpg> <images/misd.jpg>]
Overfull \hbox (16.47658pt too wide) in paragraph at lines 479--479
[]\OT1/cmr/bx/n/10.95 MIMD (MUL-TI-PLE IN-STRUC-TION STREAM MUL-TI-PLE DATA STR
EAM) 
 []

<images/mimd.jpg, id=52, 375.4025pt x 248.93pt>
File: images/mimd.jpg Graphic file (type jpg)
 <use images/mimd.jpg>
<images/jhonson-classification.jpg, id=53, 1354.05875pt x 569.12625pt>
File: images/jhonson-classification.jpg Graphic file (type jpg)

<use images/jhonson-classification.jpg> [12 <images/mimd.jpg> <images/jhonson-c
lassification.jpg>] <images/numa.jpg, id=57, 930.47626pt x 392.46625pt>
File: images/numa.jpg Graphic file (type jpg)

<use images/numa.jpg> [13 <images/numa.jpg>] [14] [15]
(cods/algoritmo-sequencial.txt) (cods/crivo-sequencial.txt [16])
<images/crivo.jpg, id=72, 823.075pt x 526.96875pt>
File: images/crivo.jpg Graphic file (type jpg)
 <use images/crivo.jpg>
[17] [18 <images/crivo.jpg>] [19] [20]
Overfull \hbox (33.61177pt too wide) in paragraph at lines 796--797
 \OT1/cmr/bx/n/10.95 7.1.0.3 SOLU[][]AO 02:[] []\OT1/cmr/m/n/10.95 E possvel 
di-vidir ma ma-triz maior $\OML/cmm/m/it/10.95 M$ \OT1/cmr/m/n/10.95 em ma-triz
es menores $\OML/cmm/m/it/10.95 N[]; N[]; [] ; N[]$
 []

[21] (cods/broadcast1pna.txt) [22] (cods/broadcast1pnb.txt)
(cods/broadcastnpn.txt) [23] (cods/paralelalorder.txt) [24]
(cods/semigrupos.txt) [25] [26] [27] [28] (cods/salto.txt [29]) [30]
(cods/matriz1.txt) (cods/matriz2.txt) [31] [32] [33] (cods/crcw-sum-sort.txt)
[34] [35] <images/bucket.jpg, id=139, 312.16624pt x 132.495pt>
File: images/bucket.jpg Graphic file (type jpg)

<use images/bucket.jpg> <images/prim.jpg, id=140, 386.44376pt x 518.93875pt>
File: images/prim.jpg Graphic file (type jpg)

<use images/prim.jpg> [36 <images/bucket.jpg>] [37 <images/prim.jpg>] [38]
(cods/boruvka.txt [39]) [40] (spp.aux)

LaTeX Warning: There were multiply-defined labels.

 ) 
Here is how much of TeX's memory you used:
 5285 strings out of 95304
 64712 string characters out of 1183070
 206592 words of memory out of 1500000
 8363 multiletter control sequences out of 110000
 14083 words of font info for 53 fonts, out of 3000000 for 5000
 14 hyphenation exceptions out of 8191
 38i,13n,53p,1035b,1890s stack positions out of 5000i,500n,10000p,200000b,50000s
<C:/Program Files/MiKTeX 2.7/fonts/type1/bluesky/cm/cmbx10.pfb><C:/Program Fi
les/MiKTeX 2.7/fonts/type1/bluesky/cm/cmbx12.pfb><C:/Program Files/MiKTeX 2.7/f
onts/type1/bluesky/cm/cmbx8.pfb><C:/Program Files/MiKTeX 2.7/fonts/type1/bluesk
y/cm/cmex10.pfb><C:/Program Files/MiKTeX 2.7/fonts/type1/bluesky/cm/cmitt10.pfb
><C:/Program Files/MiKTeX 2.7/fonts/type1/bluesky/cm/cmmi10.pfb><C:/Program Fil
es/MiKTeX 2.7/fonts/type1/bluesky/cm/cmmi12.pfb><C:/Program Files/MiKTeX 2.7/fo
nts/type1/bluesky/cm/cmmi8.pfb><C:/Program Files/MiKTeX 2.7/fonts/type1/bluesky
/cm/cmr10.pfb><C:/Program Files/MiKTeX 2.7/fonts/type1/bluesky/cm/cmr12.pfb><C:
/Program Files/MiKTeX 2.7/fonts/type1/bluesky/cm/cmr6.pfb><C:/Program Files/MiK
TeX 2.7/fonts/type1/bluesky/cm/cmr8.pfb><C:/Program Files/MiKTeX 2.7/fonts/type
1/bluesky/cm/cmsy10.pfb><C:/Program Files/MiKTeX 2.7/fonts/type1/bluesky/cm/cms
y8.pfb><C:/Program Files/MiKTeX 2.7/fonts/type1/bluesky/cm/cmti10.pfb><C:/Progr
am Files/MiKTeX 2.7/fonts/type1/bluesky/cm/cmti8.pfb><C:/Program Files/MiKTeX 2
.7/fonts/type1/bluesky/cm/cmtt10.pfb><C:/Program Files/MiKTeX 2.7/fonts/type1/b
luesky/cm/cmtt9.pfb><C:/Program Files/MiKTeX 2.7/fonts/type1/bluesky/ams/msam10
.pfb>
Output written on spp.pdf (40 pages, 804163 bytes).
PDF statistics:
 218 PDF objects out of 1000 (max. 8388607)
 0 named destinations out of 1000 (max. 131072)
 51 words of extra memory for PDF output out of 10000 (max. 10000000)

